114.03.05 11:10 A E:\usr\jawalsh\Baby Names\2013\State Files\AK.TXT <-- Mainframe '$4437.BABY.STATE.' AK.TXT
114.03.05 11:10 A E:\usr\jawalsh\Baby Names\2013\State Files\AL.TXT <-- Mainframe '$4437.BABY.STATE.' AL.TXT
114.03.05 11:10 A E:\usr\jawalsh\Baby Names\2013\State Files\AR.TXT <-- Mainframe '$4437.BABY.STATE.' AR.TXT
114.03.05 11:10 A E:\usr\jawalsh\Baby Names\2013\State Files\AZ.TXT <-- Mainframe '$4437.BABY.STATE.' AZ.TXT
114.03.05 11:10 A E:\usr\jawalsh\Baby Names\2013\State Files\CA.TXT <-- Mainframe '$4437.BABY.STATE.' CA.TXT
114.03.05 11:10 A E:\usr\jawalsh\Baby Names\2013\State Files\CO.TXT <-- Mainframe '$4437.BABY.STATE.' CO.TXT
114.03.05 11:10 A E:\usr\jawalsh\Baby Names\2013\State Files\CT.TXT <-- Mainframe '$4437.BABY.STATE.' CT.TXT
114.03.05 11:10 A E:\usr\jawalsh\Baby Names\2013\State Files\DC.TXT <-- Mainframe '$4437.BABY.STATE.' DC.TXT
114.03.05 11:10 A E:\usr\jawalsh\Baby Names\2013\State Files\DE.TXT <-- Mainframe '$4437.BABY.STATE.' DE.TXT
114.03.05 11:10 A E:\usr\jawalsh\Baby Names\2013\State Files\FL.TXT <-- Mainframe '$4437.BABY.STATE.' FL.TXT
114.03.05 11:10 A E:\usr\jawalsh\Baby Names\2013\State Files\GA.TXT <-- Mainframe '$4437.BABY.STATE.' GA.TXT
114.03.05 11:10 A E:\usr\jawalsh\Baby Names\2013\State Files\HI.TXT <-- Mainframe '$4437.BABY.STATE.' HI.TXT
114.03.05 11:10 A E:\usr\jawalsh\Baby Names\2013\State Files\IA.TXT <-- Mainframe '$4437.BABY.STATE.' IA.TXT
114.03.05 11:10 A E:\usr\jawalsh\Baby Names\2013\State Files\ID.TXT <-- Mainframe '$4437.BABY.STATE.' ID.TXT
114.03.05 11:10 A E:\usr\jawalsh\Baby Names\2013\State Files\IL.TXT <-- Mainframe '$4437.BABY.STATE.' IL.TXT
114.03.05 11:10 A E:\usr\jawalsh\Baby Names\2013\State Files\IN.TXT <-- Mainframe '$4437.BABY.STATE.' IN.TXT
114.03.05 11:10 A E:\usr\jawalsh\Baby Names\2013\State Files\KS.TXT <-- Mainframe '$4437.BABY.STATE.' KS.TXT
114.03.05 11:10 A E:\usr\jawalsh\Baby Names\2013\State Files\KY.TXT <-- Mainframe '$4437.BABY.STATE.' KY.TXT
114.03.05 11:10 A E:\usr\jawalsh\Baby Names\2013\State Files\LA.TXT <-- Mainframe '$4437.BABY.STATE.' LA.TXT
114.03.05 11:10 A E:\usr\jawalsh\Baby Names\2013\State Files\MA.TXT <-- Mainframe '$4437.BABY.STATE.' MA.TXT
114.03.05 11:10 A E:\usr\jawalsh\Baby Names\2013\State Files\MD.TXT <-- Mainframe '$4437.BABY.STATE.' MD.TXT
114.03.05 11:10 A E:\usr\jawalsh\Baby Names\2013\State Files\ME.TXT <-- Mainframe '$4437.BABY.STATE.' ME.TXT
114.03.05 11:10 A E:\usr\jawalsh\Baby Names\2013\State Files\MI.TXT <-- Mainframe '$4437.BABY.STATE.' MI.TXT
114.03.05 11:10 A E:\usr\jawalsh\Baby Names\2013\State Files\MN.TXT <-- Mainframe '$4437.BABY.STATE.' MN.TXT
114.03.05 11:10 A E:\usr\jawalsh\Baby Names\2013\State Files\MO.TXT <-- Mainframe '$4437.BABY.STATE.' MO.TXT
114.03.05 11:10 A E:\usr\jawalsh\Baby Names\2013\State Files\MS.TXT <-- Mainframe '$4437.BABY.STATE.' MS.TXT
114.03.05 11:10 A E:\usr\jawalsh\Baby Names\2013\State Files\MT.TXT <-- Mainframe '$4437.BABY.STATE.' MT.TXT
114.03.05 11:10 A E:\usr\jawalsh\Baby Names\2013\State Files\NC.TXT <-- Mainframe '$4437.BABY.STATE.' NC.TXT
114.03.05 11:10 A E:\usr\jawalsh\Baby Names\2013\State Files\ND.TXT <-- Mainframe '$4437.BABY.STATE.' ND.TXT
114.03.05 11:10 A E:\usr\jawalsh\Baby Names\2013\State Files\NE.TXT <-- Mainframe '$4437.BABY.STATE.' NE.TXT
114.03.05 11:11 A E:\usr\jawalsh\Baby Names\2013\State Files\NH.TXT <-- Mainframe '$4437.BABY.STATE.' NH.TXT
114.03.05 11:11 A E:\usr\jawalsh\Baby Names\2013\State Files\NJ.TXT <-- Mainframe '$4437.BABY.STATE.' NJ.TXT
114.03.05 11:11 A E:\usr\jawalsh\Baby Names\2013\State Files\NM.TXT <-- Mainframe '$4437.BABY.STATE.' NM.TXT
114.03.05 11:11 A E:\usr\jawalsh\Baby Names\2013\State Files\NV.TXT <-- Mainframe '$4437.BABY.STATE.' NV.TXT
114.03.05 11:11 A E:\usr\jawalsh\Baby Names\2013\State Files\NY.TXT <-- Mainframe '$4437.BABY.STATE.' NY.TXT
114.03.05 11:11 A E:\usr\jawalsh\Baby Names\2013\State Files\OH.TXT <-- Mainframe '$4437.BABY.STATE.' OH.TXT
114.03.05 11:11 A E:\usr\jawalsh\Baby Names\2013\State Files\OK.TXT <-- Mainframe '$4437.BABY.STATE.' OK.TXT
114.03.05 11:11 A E:\usr\jawalsh\Baby Names\2013\State Files\OR.TXT <-- Mainframe '$4437.BABY.STATE.' OR.TXT
114.03.05 11:11 A E:\usr\jawalsh\Baby Names\2013\State Files\PA.TXT <-- Mainframe '$4437.BABY.STATE.' PA.TXT
114.03.05 11:11 A E:\usr\jawalsh\Baby Names\2013\State Files\RI.TXT <-- Mainframe '$4437.BABY.STATE.' RI.TXT
114.03.05 11:11 A E:\usr\jawalsh\Baby Names\2013\State Files\SC.TXT <-- Mainframe '$4437.BABY.STATE.' SC.TXT
114.03.05 11:11 A E:\usr\jawalsh\Baby Names\2013\State Files\SD.TXT <-- Mainframe '$4437.BABY.STATE.' SD.TXT
114.03.05 11:11 A E:\usr\jawalsh\Baby Names\2013\State Files\TN.TXT <-- Mainframe '$4437.BABY.STATE.' TN.TXT
114.03.05 11:11 A E:\usr\jawalsh\Baby Names\2013\State Files\TX.TXT <-- Mainframe '$4437.BABY.STATE.' TX.TXT
114.03.05 11:11 A E:\usr\jawalsh\Baby Names\2013\State Files\UT.TXT <-- Mainframe '$4437.BABY.STATE.' UT.TXT
114.03.05 11:11 A E:\usr\jawalsh\Baby Names\2013\State Files\VA.TXT <-- Mainframe '$4437.BABY.STATE.' VA.TXT
114.03.05 11:11 A E:\usr\jawalsh\Baby Names\2013\State Files\VT.TXT <-- Mainframe '$4437.BABY.STATE.' VT.TXT
114.03.05 11:11 A E:\usr\jawalsh\Baby Names\2013\State Files\WA.TXT <-- Mainframe '$4437.BABY.STATE.' WA.TXT
114.03.05 11:11 A E:\usr\jawalsh\Baby Names\2013\State Files\WI.TXT <-- Mainframe '$4437.BABY.STATE.' WI.TXT
114.03.05 11:11 A E:\usr\jawalsh\Baby Names\2013\State Files\WV.TXT <-- Mainframe '$4437.BABY.STATE.' WV.TXT
114.03.05 11:11 A E:\usr\jawalsh\Baby Names\2013\State Files\WY.TXT <-- Mainframe '$4437.BABY.STATE.' WY.TXT
